0 info it worked if it ends with ok
1 verbose cli [
1 verbose cli   'C:\\Program Files\\nodejs\\node.exe',
1 verbose cli   'C:\\Program Files\\nodejs\\node_modules\\npm\\bin\\npm-cli.js',
1 verbose cli   'run',
1 verbose cli   'export'
1 verbose cli ]
2 info using npm@6.14.6
3 info using node@v12.18.3
4 verbose run-script [ 'preexport', 'export', 'postexport' ]
5 info lifecycle testefront2@1.0.0~preexport: testefront2@1.0.0
6 info lifecycle testefront2@1.0.0~export: testefront2@1.0.0
7 verbose lifecycle testefront2@1.0.0~export: unsafe-perm in lifecycle true
8 verbose lifecycle testefront2@1.0.0~export: PATH: C:\Program Files\nodejs\node_modules\npm\node_modules\npm-lifecycle\node-gyp-bin;C:\Users\Felipe Paulino\Documents\GitHub\AguaVIva\node_modules\.bin;C:\Python27\;C:\Python27\Scripts;C:\Windows\system32;C:\Windows;C:\Windows\System32\Wbem;C:\Windows\System32\WindowsPowerShell\v1.0\;C:\Windows\System32\OpenSSH\;C:\Program Files (x86)\NVIDIA Corporation\PhysX\Common;C:\Program Files\NVIDIA Corporation\NVIDIA NvDLISR;C:\ProgramData\chocolatey\bin;C:\WINDOWS\system32;C:\WINDOWS;C:\WINDOWS\System32\Wbem;C:\WINDOWS\System32\WindowsPowerShell\v1.0\;C:\WINDOWS\System32\OpenSSH\;C:\Program Files\Docker\Docker\resources\bin;C:\ProgramData\DockerDesktop\version-bin;C:\Program Files (x86)\Intel\Intel(R) Management Engine Components\DAL;C:\Program Files\Intel\Intel(R) Management Engine Components\DAL;C:\Program Files\nodejs\;C:\Program Files\Git\cmd;C:\Users\Felipe Paulino\AppData\Local\Microsoft\WindowsApps;C:\Users\Felipe Paulino\AppData\Local\Programs\Microsoft VS Code\bin;C:\Users\Felipe Paulino\AppData\Local\GitHubDesktop\bin;C:\Users\Felipe Paulino\AppData\Local\Microsoft\WindowsApps;C:\Users\Felipe Paulino\AppData\Roaming\npm
9 verbose lifecycle testefront2@1.0.0~export: CWD: C:\Users\Felipe Paulino\Documents\GitHub\AguaVIva
10 silly lifecycle testefront2@1.0.0~export: Args: [ '/d /s /c', 'next export' ]
11 silly lifecycle testefront2@1.0.0~export: Returned: code: 1  signal: null
12 info lifecycle testefront2@1.0.0~export: Failed to exec export script
13 verbose stack Error: testefront2@1.0.0 export: `next export`
13 verbose stack Exit status 1
13 verbose stack     at EventEmitter.<anonymous> (C:\Program Files\nodejs\node_modules\npm\node_modules\npm-lifecycle\index.js:332:16)
13 verbose stack     at EventEmitter.emit (events.js:315:20)
13 verbose stack     at ChildProcess.<anonymous> (C:\Program Files\nodejs\node_modules\npm\node_modules\npm-lifecycle\lib\spawn.js:55:14)
13 verbose stack     at ChildProcess.emit (events.js:315:20)
13 verbose stack     at maybeClose (internal/child_process.js:1021:16)
13 verbose stack     at Process.ChildProcess._handle.onexit (internal/child_process.js:286:5)
14 verbose pkgid testefront2@1.0.0
15 verbose cwd C:\Users\Felipe Paulino\Documents\GitHub\AguaVIva
16 verbose Windows_NT 10.0.19041
17 verbose argv "C:\\Program Files\\nodejs\\node.exe" "C:\\Program Files\\nodejs\\node_modules\\npm\\bin\\npm-cli.js" "run" "export"
18 verbose node v12.18.3
19 verbose npm  v6.14.6
20 error code ELIFECYCLE
21 error errno 1
22 error testefront2@1.0.0 export: `next export`
22 error Exit status 1
23 error Failed at the testefront2@1.0.0 export script.
23 error This is probably not a problem with npm. There is likely additional logging output above.
24 verbose exit [ 1, true ]
